<?xml version="1.0" encoding="UTF-8"?>
<!-- Generated by org.testng.reporters.JUnitXMLReporter -->
<testsuite ignored="0" hostname="Dell-5577-Sidhu" failures="0" tests="3" name="DemoTest2" time="16.706" errors="0" timestamp="2023-08-30T19:28:13 EDT">
  <testcase classname="TestNgAssignment.Parameterization" name="Contactus_TC1_valid_fname" time="0.13"/>
  <testcase classname="TestNgAssignment.Parameterization" name="Contactus_TC1_valid_fname" time="0.053"/>
  <testcase classname="TestNgAssignment.Parameterization" name="Contactus_TC1_valid_fname" time="0.091"/>
</testsuite> <!-- DemoTest2 -->
