<?xml version="1.0" encoding="UTF-8"?>
<!-- Generated by org.testng.reporters.JUnitXMLReporter -->
<testsuite ignored="0" hostname="Dell-5577-Sidhu" failures="0" tests="3" name="Default test" time="20.414" errors="0" timestamp="2023-08-30T19:05:26 EDT">
  <testcase classname="TestNgAssignment.Parameterization" name="Contactus_TC1_valid_fname" time="0.17"/>
  <testcase classname="TestNgAssignment.Parameterization" name="Contactus_TC1_valid_fname" time="0.035"/>
  <testcase classname="TestNgAssignment.Parameterization" name="Contactus_TC1_valid_fname" time="0.091"/>
</testsuite> <!-- Default test -->
